  BwInf21-Aufgabe2.cpp
D:\Projects\SRZ\BwInf-2021\Aufgabe2\Quellcode\BwInf21-Aufgabe2\BwInf21-Aufgabe2.cpp(139,19): warning C4244: '=': conversion from 'double' to 'uint8_t', possible loss of data
D:\Projects\SRZ\BwInf-2021\Aufgabe2\Quellcode\BwInf21-Aufgabe2\BwInf21-Aufgabe2.cpp(166,15): warning C4244: 'initializing': conversion from '_Rep' to 'uint16_t', possible loss of data
          with
          [
              _Rep=__int64
          ]
D:\Projects\SRZ\BwInf-2021\Aufgabe2\Quellcode\BwInf21-Aufgabe2\BwInf21-Aufgabe2.cpp(167,20): warning C4244: 'initializing': conversion from '_Rep' to 'uint16_t', possible loss of data
          with
          [
              _Rep=__int64
          ]
D:\Projects\SRZ\BwInf-2021\Aufgabe2\Quellcode\BwInf21-Aufgabe2\BwInf21-Aufgabe2.cpp(168,21): warning C4244: 'initializing': conversion from '_Rep' to 'uint16_t', possible loss of data
          with
          [
              _Rep=__int64
          ]
  Generating code
  228 of 235 functions (97.0%) were compiled, the rest were copied from previous compilation.
    0 functions were new in current compilation
    2 functions had inline decision re-evaluated but remain unchanged
  Finished generating code
  BwInf21-Aufgabe2.vcxproj -> D:\Projects\SRZ\BwInf-2021\Aufgabe2\Quellcode\Release\BwInf21-Aufgabe2.exe
