Der Buildvorgang wurde am 08.10.2021 19:33:11 gestartet.
Die Ausführlichkeit der Protokollierung ist auf "Normal" festgelegt.     1>Projekt "D:\Projekte\Programmierung\BWINF 2021\Aufgaben\Aufgabe2\BwInf21-Aufgabe2\BwInf21-Aufgabe2.vcxproj" auf Knoten "2", Build Ziel(e).
     1>InitializeBuildStatus:
         "Debug\BwInf21-Aufgabe2.tlog\unsuccessfulbuild" wird erstellt, da "AlwaysCreate" angegeben wurde.
       ClCompile:
         C:\Program Files (x86)\Microsoft Visual Studio\2019\Community\VC\Tools\MSVC\14.29.30133\bin\HostX86\x86\CL.exe /c /ZI /JMC /nologo /W3 /WX- /diagnostics:column /sdl /Od /Oy- /D WIN32 /D _DEBUG /D _CONSOLE /D _UNICODE /D UNICODE /Gm- /EHsc /RTC1 /MDd /GS /fp:precise /permissive- /Zc:wchar_t /Zc:forScope /Zc:inline /Fo"Debug\\" /Fd"Debug\vc142.pdb" /external:W3 /Gd /TP /analyze- /FC /errorReport:prompt "BwInf21-Aufgabe2.cpp"
         BwInf21-Aufgabe2.cpp
     1>D:\Projekte\Programmierung\BWINF 2021\Aufgaben\Aufgabe2\BwInf21-Aufgabe2\BwInf21-Aufgabe2.cpp(154,15): warning C4244: "Initialisierung": Konvertierung von "_Rep" in "uint16_t", möglicher Datenverlust
                 with
                 [
                     _Rep=__int64
                 ]
     1>D:\Projekte\Programmierung\BWINF 2021\Aufgaben\Aufgabe2\BwInf21-Aufgabe2\BwInf21-Aufgabe2.cpp(155,20): warning C4244: "Initialisierung": Konvertierung von "_Rep" in "uint16_t", möglicher Datenverlust
                 with
                 [
                     _Rep=__int64
                 ]
     1>D:\Projekte\Programmierung\BWINF 2021\Aufgaben\Aufgabe2\BwInf21-Aufgabe2\BwInf21-Aufgabe2.cpp(156,21): warning C4244: "Initialisierung": Konvertierung von "_Rep" in "uint16_t", möglicher Datenverlust
                 with
                 [
                     _Rep=__int64
                 ]
       Link:
         C:\Program Files (x86)\Microsoft Visual Studio\2019\Community\VC\Tools\MSVC\14.29.30133\bin\HostX86\x86\link.exe /ERRORREPORT:PROMPT /OUT:"D:\Projekte\Programmierung\BWINF 2021\Aufgaben\Aufgabe2\Debug\BwInf21-Aufgabe2.exe" /INCREMENTAL /ILK:"Debug\BwInf21-Aufgabe2.ilk" /NOLOGO kernel32.lib user32.lib gdi32.lib winspool.lib comdlg32.lib advapi32.lib shell32.lib ole32.lib oleaut32.lib uuid.lib odbc32.lib odbccp32.lib /MANIFEST /MANIFESTUAC:"level='asInvoker' uiAccess='false'" /manifest:embed /DEBUG /PDB:"D:\Projekte\Programmierung\BWINF 2021\Aufgaben\Aufgabe2\Debug\BwInf21-Aufgabe2.pdb" /SUBSYSTEM:CONSOLE /TLBID:1 /DYNAMICBASE /NXCOMPAT /IMPLIB:"D:\Projekte\Programmierung\BWINF 2021\Aufgaben\Aufgabe2\Debug\BwInf21-Aufgabe2.lib" /MACHINE:X86 "Debug\BwInf21-Aufgabe2.obj"
         BwInf21-Aufgabe2.vcxproj -> D:\Projekte\Programmierung\BWINF 2021\Aufgaben\Aufgabe2\Debug\BwInf21-Aufgabe2.exe
       FinalizeBuildStatus:
         Die Datei "Debug\BwInf21-Aufgabe2.tlog\unsuccessfulbuild" wird gelöscht.
         Aktualisieren des Timestamps von "Debug\BwInf21-Aufgabe2.tlog\BwInf21-Aufgabe2.lastbuildstate".
     1>Die Erstellung von Projekt "D:\Projekte\Programmierung\BWINF 2021\Aufgaben\Aufgabe2\BwInf21-Aufgabe2\BwInf21-Aufgabe2.vcxproj" ist abgeschlossen (Build Ziel(e)).

Der Buildvorgang wurde erfolgreich ausgeführt.

       "D:\Projekte\Programmierung\BWINF 2021\Aufgaben\Aufgabe2\BwInf21-Aufgabe2\BwInf21-Aufgabe2.vcxproj" (Build Ziel) (1) ->
       (ClCompile Ziel) -> 
         D:\Projekte\Programmierung\BWINF 2021\Aufgaben\Aufgabe2\BwInf21-Aufgabe2\BwInf21-Aufgabe2.cpp(154,15): warning C4244: "Initialisierung": Konvertierung von "_Rep" in "uint16_t", möglicher Datenverlust
         D:\Projekte\Programmierung\BWINF 2021\Aufgaben\Aufgabe2\BwInf21-Aufgabe2\BwInf21-Aufgabe2.cpp(155,20): warning C4244: "Initialisierung": Konvertierung von "_Rep" in "uint16_t", möglicher Datenverlust
         D:\Projekte\Programmierung\BWINF 2021\Aufgaben\Aufgabe2\BwInf21-Aufgabe2\BwInf21-Aufgabe2.cpp(156,21): warning C4244: "Initialisierung": Konvertierung von "_Rep" in "uint16_t", möglicher Datenverlust

    3 Warnung(en)
    0 Fehler

Verstrichene Zeit 00:00:00.95
